Generated Block Diagram.
Rasterizing microblaze_0.jpg.....
Rasterizing mb_plb.jpg.....
Rasterizing slave_plb.jpg.....
Rasterizing plbv46_plbv46_bridge_0.jpg.....
Rasterizing ilmb.jpg.....
Rasterizing dlmb.jpg.....
Rasterizing dlmb_cntlr.jpg.....
Rasterizing ilmb_cntlr.jpg.....
Rasterizing lmb_bram.jpg.....
Rasterizing RS232_Uart.jpg.....
Rasterizing MPMC_0.jpg.....
Rasterizing clock_generator_0.jpg.....
Rasterizing clock_generator_1.jpg.....
Rasterizing mdm_0.jpg.....
Rasterizing proc_sys_reset_0.jpg.....
Rasterizing xps_iic_0.jpg.....
Rasterizing sg_i2c_controller_plbw_0.jpg.....
Rasterizing vdma_0.jpg.....
Rasterizing vdma_1.jpg.....
Rasterizing ivk_video_gen_0.jpg.....
Rasterizing ivk_video_det_0.jpg.....
Rasterizing fmc_imageov_camera_in_0.jpg.....
Rasterizing fmc_imageov_dvi_out_0.jpg.....
Rasterizing sg_2d_fir_plbw_0.jpg.....
Rasterizing sg_cfa_gamma_plbw_0.jpg.....
Rasterizing system_blkd.jpg.....
Report generated.
Report generation completed.
